2026-04-28 13:52:09 [INFO] main: ============================================================
2026-04-28 13:52:09 [INFO] main:   Face Recognition Attendance Management System
2026-04-28 13:52:09 [INFO] main: ============================================================
2026-04-28 13:52:09 [INFO] main:   Started: 2026-04-28 13:52:09
2026-04-28 13:52:09 [INFO] main:   Base dir: /Users/limburoshan/Code/college/atnd_py/abijeet
2026-04-28 13:52:09 [INFO] main: Running pre-flight checks...
2026-04-28 13:52:09 [ERROR] main:   ❌ MISSING: /Users/limburoshan/Code/college/atnd_py/abijeet/attendance.db
2026-04-28 13:52:09 [ERROR] main:      → SQLite database — run python setup.py
2026-04-28 13:52:09 [ERROR] main: 
Pre-flight checks failed. Fix the above issues and retry.
2026-04-28 13:52:28 [INFO] main: ============================================================
2026-04-28 13:52:28 [INFO] main:   Face Recognition Attendance Management System
2026-04-28 13:52:28 [INFO] main: ============================================================
2026-04-28 13:52:28 [INFO] main:   Started: 2026-04-28 13:52:28
2026-04-28 13:52:28 [INFO] main:   Base dir: /Users/limburoshan/Code/college/atnd_py/abijeet
2026-04-28 13:52:28 [INFO] main: Running pre-flight checks...
2026-04-28 13:52:28 [INFO] main:   ✅ attendance.db
2026-04-28 13:52:28 [INFO] main: All pre-flight checks passed.

2026-04-28 13:52:28 [INFO] main: Initializing system components...
2026-04-28 13:52:28 [INFO] database: Database verified at: /Users/limburoshan/Code/college/atnd_py/abijeet/attendance.db
2026-04-28 13:52:28 [INFO] main: ✅ Database connected
2026-04-28 13:52:28 [INFO] memory: New memory file created: memory_2026-04-28.txt (fresh start — no one marked yet today)
2026-04-28 13:52:28 [INFO] main: ✅ Daily memory loaded
2026-04-28 13:52:30 [WARNING] detector: Could not load yolov8n-face.pt: [Errno 2] No such file or directory: 'yolov8n-face.pt'
2026-04-28 13:52:30 [INFO] detector: Using OpenCV face detector fallback
2026-04-28 13:52:30 [INFO] detector: OpenCV Haar face detector loaded with validation filters
2026-04-28 13:52:30 [INFO] detector: MediaPipe alignment disabled; using direct face crops
2026-04-28 13:52:30 [INFO] main: ✅ Face detector ready
2026-04-28 13:52:30 [INFO] face_identity: Face identity cache loaded: 0 known faces
2026-04-28 13:52:30 [INFO] main: ✅ Face identity manager ready
2026-04-28 13:52:30 [INFO] attendance: AttendanceRecorder initialized.
2026-04-28 13:52:30 [INFO] main: ✅ Attendance recorder ready
2026-04-28 13:52:30 [INFO] main: 
System ready. Starting live feed...
2026-04-28 13:52:30 [INFO] main: Press Q in the camera window to quit.

2026-04-28 13:52:32 [INFO] camera: Camera opened at index 0
2026-04-28 13:52:34 [INFO] database: Person registered: FACE-20260428-0001
2026-04-28 13:52:34 [INFO] face_identity: Registered new face ID: FACE-20260428-0001
2026-04-28 13:52:34 [INFO] database: Attendance started: FACE-20260428-0001 on 2026-04-28 at 13:52:34 | confidence=100.00%
2026-04-28 13:52:34 [INFO] attendance: ✅ COUNTED: FACE-20260428-0001 | count=1 | confidence=100.00% | time=13:52:34
2026-04-28 13:52:34 [INFO] main: 🎯 COUNTED: FACE-20260428-0001 — count=1
2026-04-28 13:52:47 [INFO] database: Person registered: FACE-20260428-0002
2026-04-28 13:52:47 [INFO] face_identity: Registered new face ID: FACE-20260428-0002
2026-04-28 13:52:47 [INFO] database: Attendance started: FACE-20260428-0002 on 2026-04-28 at 13:52:47 | confidence=100.00%
2026-04-28 13:52:47 [INFO] attendance: ✅ COUNTED: FACE-20260428-0002 | count=1 | confidence=100.00% | time=13:52:47
2026-04-28 13:52:47 [INFO] main: 🎯 COUNTED: FACE-20260428-0002 — count=1
2026-04-28 13:52:48 [INFO] database: Person registered: FACE-20260428-0003
2026-04-28 13:52:48 [INFO] face_identity: Registered new face ID: FACE-20260428-0003
2026-04-28 13:52:48 [INFO] database: Attendance started: FACE-20260428-0003 on 2026-04-28 at 13:52:48 | confidence=100.00%
2026-04-28 13:52:48 [INFO] attendance: ✅ COUNTED: FACE-20260428-0003 | count=1 | confidence=100.00% | time=13:52:48
2026-04-28 13:52:48 [INFO] main: 🎯 COUNTED: FACE-20260428-0003 — count=1
2026-04-28 13:53:15 [INFO] database: Person registered: FACE-20260428-0004
2026-04-28 13:53:15 [INFO] face_identity: Registered new face ID: FACE-20260428-0004
2026-04-28 13:53:15 [INFO] database: Attendance started: FACE-20260428-0004 on 2026-04-28 at 13:53:15 | confidence=100.00%
2026-04-28 13:53:15 [INFO] attendance: ✅ COUNTED: FACE-20260428-0004 | count=1 | confidence=100.00% | time=13:53:15
2026-04-28 13:53:15 [INFO] main: 🎯 COUNTED: FACE-20260428-0004 — count=1
2026-04-28 13:54:02 [INFO] main: 
Keyboard interrupt received. Shutting down...
2026-04-28 13:54:02 [INFO] main: 
Cleaning up...
2026-04-28 13:54:02 [INFO] camera: Camera released
2026-04-28 13:54:02 [INFO] attendance: =======================================================
2026-04-28 13:54:02 [INFO] attendance:   ATTENDANCE SUMMARY — 2026-04-28
2026-04-28 13:54:02 [INFO] attendance: =======================================================
2026-04-28 13:54:02 [INFO] attendance:   Attendance count     : 4
2026-04-28 13:54:02 [INFO] attendance:   Unique faces         : 4
2026-04-28 13:54:02 [INFO] attendance:   Session counted      : 4
2026-04-28 13:54:02 [INFO] attendance:   Debounced sightings  : 94
2026-04-28 13:54:02 [INFO] attendance:   Unknown faces seen   : 0
2026-04-28 13:54:02 [INFO] attendance: -------------------------------------------------------
2026-04-28 13:54:02 [INFO] attendance:   Attendance log:
2026-04-28 13:54:02 [INFO] attendance:     13:52:34  FACE-20260428-0001    count=1    last=13:52:34
2026-04-28 13:54:02 [INFO] attendance:     13:52:47  FACE-20260428-0002    count=1    last=13:52:47
2026-04-28 13:54:02 [INFO] attendance:     13:52:48  FACE-20260428-0003    count=1    last=13:52:48
2026-04-28 13:54:02 [INFO] attendance:     13:53:15  FACE-20260428-0004    count=1    last=13:53:15
2026-04-28 13:54:02 [INFO] attendance: =======================================================
2026-04-28 13:54:02 [INFO] main: 
============================================================
2026-04-28 13:54:02 [INFO] main:   Attendance system stopped cleanly.
2026-04-28 13:54:02 [INFO] main: ============================================================
2026-04-28 13:55:10 [INFO] main: ============================================================
2026-04-28 13:55:10 [INFO] main:   Face Recognition Attendance Management System
2026-04-28 13:55:10 [INFO] main: ============================================================
2026-04-28 13:55:10 [INFO] main:   Started: 2026-04-28 13:55:10
2026-04-28 13:55:10 [INFO] main:   Base dir: /Users/limburoshan/Code/college/atnd_py/abijeet
2026-04-28 13:55:10 [INFO] main: Running pre-flight checks...
2026-04-28 13:55:10 [INFO] main:   ✅ attendance.db
2026-04-28 13:55:10 [INFO] main: All pre-flight checks passed.

2026-04-28 13:55:10 [INFO] main: Initializing system components...
2026-04-28 13:55:10 [INFO] database: Database verified at: /Users/limburoshan/Code/college/atnd_py/abijeet/attendance.db
2026-04-28 13:55:10 [INFO] main: ✅ Database connected
2026-04-28 13:55:10 [INFO] memory: Memory loaded from memory_2026-04-28.txt: 0 persons already marked today
2026-04-28 13:55:10 [INFO] main: ✅ Daily memory loaded
2026-04-28 13:55:13 [WARNING] detector: Could not load yolov8n-face.pt: [Errno 2] No such file or directory: 'yolov8n-face.pt'
2026-04-28 13:55:13 [INFO] detector: Using OpenCV face detector fallback
2026-04-28 13:55:13 [INFO] detector: OpenCV Haar face detector loaded with validation filters
2026-04-28 13:55:13 [INFO] detector: MediaPipe alignment disabled; using direct face crops
2026-04-28 13:55:13 [INFO] main: ✅ Face detector ready
2026-04-28 13:55:13 [INFO] face_identity: Face identity cache loaded: 0 known faces
2026-04-28 13:55:13 [INFO] main: ✅ Face identity manager ready
2026-04-28 13:55:13 [INFO] attendance: AttendanceRecorder initialized.
2026-04-28 13:55:13 [INFO] main: ✅ Attendance recorder ready
2026-04-28 13:55:13 [INFO] main: 
System ready. Starting live feed...
2026-04-28 13:55:13 [INFO] main: Press Q in the camera window to quit.

2026-04-28 13:55:14 [INFO] camera: Camera opened at index 0
2026-04-28 13:55:15 [INFO] database: Person registered: FACE-20260428-0001
2026-04-28 13:55:15 [INFO] face_identity: Registered new face ID: FACE-20260428-0001
2026-04-28 13:55:15 [INFO] database: Attendance started: FACE-20260428-0001 on 2026-04-28 at 13:55:15 | confidence=100.00%
2026-04-28 13:55:15 [INFO] attendance: ✅ COUNTED: FACE-20260428-0001 | count=1 | confidence=100.00% | time=13:55:15
2026-04-28 13:55:15 [INFO] main: 🎯 COUNTED: FACE-20260428-0001 — count=1
2026-04-28 13:55:29 [INFO] database: Person registered: FACE-20260428-0002
2026-04-28 13:55:29 [INFO] face_identity: Registered new face ID: FACE-20260428-0002
2026-04-28 13:55:29 [INFO] database: Attendance started: FACE-20260428-0002 on 2026-04-28 at 13:55:29 | confidence=100.00%
2026-04-28 13:55:29 [INFO] attendance: ✅ COUNTED: FACE-20260428-0002 | count=1 | confidence=100.00% | time=13:55:29
2026-04-28 13:55:29 [INFO] main: 🎯 COUNTED: FACE-20260428-0002 — count=1
2026-04-28 13:55:31 [INFO] database: Person registered: FACE-20260428-0003
2026-04-28 13:55:31 [INFO] face_identity: Registered new face ID: FACE-20260428-0003
2026-04-28 13:55:31 [INFO] database: Attendance started: FACE-20260428-0003 on 2026-04-28 at 13:55:31 | confidence=100.00%
2026-04-28 13:55:31 [INFO] attendance: ✅ COUNTED: FACE-20260428-0003 | count=1 | confidence=100.00% | time=13:55:31
2026-04-28 13:55:31 [INFO] main: 🎯 COUNTED: FACE-20260428-0003 — count=1
2026-04-28 14:01:52 [INFO] database: Attendance count incremented: FACE-20260428-0003 on 2026-04-28 at 14:01:52 | count=2
2026-04-28 14:01:52 [INFO] attendance: ✅ COUNTED: FACE-20260428-0003 | count=2 | confidence=63.28% | time=14:01:52
2026-04-28 14:01:52 [INFO] main: 🎯 COUNTED: FACE-20260428-0003 — count=2
2026-04-28 14:01:53 [INFO] database: Attendance count incremented: FACE-20260428-0001 on 2026-04-28 at 14:01:53 | count=2
2026-04-28 14:01:53 [INFO] attendance: ✅ COUNTED: FACE-20260428-0001 | count=2 | confidence=60.94% | time=14:01:53
2026-04-28 14:01:53 [INFO] main: 🎯 COUNTED: FACE-20260428-0001 — count=2
2026-04-28 14:01:55 [INFO] database: Person registered: FACE-20260428-0004
2026-04-28 14:01:55 [INFO] face_identity: Registered new face ID: FACE-20260428-0004
2026-04-28 14:01:55 [INFO] database: Attendance started: FACE-20260428-0004 on 2026-04-28 at 14:01:55 | confidence=100.00%
2026-04-28 14:01:55 [INFO] attendance: ✅ COUNTED: FACE-20260428-0004 | count=1 | confidence=100.00% | time=14:01:55
2026-04-28 14:01:55 [INFO] main: 🎯 COUNTED: FACE-20260428-0004 — count=1
2026-04-28 14:02:43 [INFO] database: Person registered: FACE-20260428-0005
2026-04-28 14:02:43 [INFO] face_identity: Registered new face ID: FACE-20260428-0005
2026-04-28 14:02:43 [INFO] database: Attendance started: FACE-20260428-0005 on 2026-04-28 at 14:02:43 | confidence=100.00%
2026-04-28 14:02:43 [INFO] attendance: ✅ COUNTED: FACE-20260428-0005 | count=1 | confidence=100.00% | time=14:02:43
2026-04-28 14:02:43 [INFO] main: 🎯 COUNTED: FACE-20260428-0005 — count=1
2026-04-28 14:03:34 [INFO] main: 
Keyboard interrupt received. Shutting down...
2026-04-28 14:03:34 [INFO] main: 
Cleaning up...
2026-04-28 14:03:34 [INFO] camera: Camera released
2026-04-28 14:03:34 [INFO] attendance: =======================================================
2026-04-28 14:03:34 [INFO] attendance:   ATTENDANCE SUMMARY — 2026-04-28
2026-04-28 14:03:34 [INFO] attendance: =======================================================
2026-04-28 14:03:34 [INFO] attendance:   Attendance count     : 7
2026-04-28 14:03:34 [INFO] attendance:   Unique faces         : 5
2026-04-28 14:03:34 [INFO] attendance:   Session counted      : 7
2026-04-28 14:03:34 [INFO] attendance:   Debounced sightings  : 92
2026-04-28 14:03:34 [INFO] attendance:   Unknown faces seen   : 0
2026-04-28 14:03:34 [INFO] attendance: -------------------------------------------------------
2026-04-28 14:03:34 [INFO] attendance:   Attendance log:
2026-04-28 14:03:34 [INFO] attendance:     13:55:15  FACE-20260428-0001    count=2    last=14:01:53
2026-04-28 14:03:34 [INFO] attendance:     13:55:29  FACE-20260428-0002    count=1    last=13:55:29
2026-04-28 14:03:34 [INFO] attendance:     13:55:31  FACE-20260428-0003    count=2    last=14:01:52
2026-04-28 14:03:34 [INFO] attendance:     14:01:55  FACE-20260428-0004    count=1    last=14:01:55
2026-04-28 14:03:34 [INFO] attendance:     14:02:43  FACE-20260428-0005    count=1    last=14:02:43
2026-04-28 14:03:34 [INFO] attendance: =======================================================
2026-04-28 14:03:34 [INFO] main: 
============================================================
2026-04-28 14:03:34 [INFO] main:   Attendance system stopped cleanly.
2026-04-28 14:03:34 [INFO] main: ============================================================
2026-04-28 14:05:13 [INFO] main: ============================================================
2026-04-28 14:05:13 [INFO] main:   Face Recognition Attendance Management System
2026-04-28 14:05:13 [INFO] main: ============================================================
2026-04-28 14:05:13 [INFO] main:   Started: 2026-04-28 14:05:13
2026-04-28 14:05:13 [INFO] main:   Base dir: /Users/limburoshan/Code/college/atnd_py/abijeet
2026-04-28 14:05:13 [INFO] main: Running pre-flight checks...
2026-04-28 14:05:13 [INFO] main:   ✅ attendance.db
2026-04-28 14:05:13 [INFO] main: All pre-flight checks passed.

2026-04-28 14:05:13 [INFO] main: Initializing system components...
2026-04-28 14:05:13 [INFO] database: Database verified at: /Users/limburoshan/Code/college/atnd_py/abijeet/attendance.db
2026-04-28 14:05:13 [INFO] main: ✅ Database connected
2026-04-28 14:05:13 [INFO] memory: Memory loaded from memory_2026-04-28.txt: 5 persons already marked today
2026-04-28 14:05:13 [INFO] main: ✅ Daily memory loaded
2026-04-28 14:05:16 [WARNING] detector: Could not load yolov8n-face.pt: [Errno 2] No such file or directory: 'yolov8n-face.pt'
2026-04-28 14:05:16 [INFO] detector: Using OpenCV face detector fallback
2026-04-28 14:05:16 [INFO] detector: OpenCV Haar face detector loaded with validation filters
2026-04-28 14:05:16 [INFO] detector: MediaPipe alignment disabled; using direct face crops
2026-04-28 14:05:16 [INFO] main: ✅ Face detector ready
2026-04-28 14:07:24 [INFO] main: ============================================================
2026-04-28 14:07:24 [INFO] main:   Face Recognition Attendance Management System
2026-04-28 14:07:24 [INFO] main: ============================================================
2026-04-28 14:07:24 [INFO] main:   Started: 2026-04-28 14:07:24
2026-04-28 14:07:24 [INFO] main:   Base dir: /Users/limburoshan/Code/college/atnd_py/abijeet
2026-04-28 14:07:24 [INFO] main: Running pre-flight checks...
2026-04-28 14:07:24 [INFO] main:   ✅ attendance.db
2026-04-28 14:07:24 [INFO] main: All pre-flight checks passed.

2026-04-28 14:07:24 [INFO] main: Initializing system components...
2026-04-28 14:07:24 [INFO] database: Database verified at: /Users/limburoshan/Code/college/atnd_py/abijeet/attendance.db
2026-04-28 14:07:24 [INFO] main: ✅ Database connected
2026-04-28 14:07:24 [INFO] memory: Memory loaded from memory_2026-04-28.txt: 5 persons already marked today
2026-04-28 14:07:24 [INFO] main: ✅ Daily memory loaded
2026-04-28 14:07:28 [WARNING] detector: Could not load yolov8n-face.pt: [Errno 2] No such file or directory: 'yolov8n-face.pt'
2026-04-28 14:07:28 [INFO] detector: Using OpenCV face detector fallback
2026-04-28 14:07:28 [INFO] detector: OpenCV Haar face detector loaded with validation filters
2026-04-28 14:07:28 [INFO] detector: MediaPipe alignment disabled; using direct face crops
2026-04-28 14:07:28 [INFO] main: ✅ Face detector ready
2026-04-28 14:07:58 [INFO] main: ============================================================
2026-04-28 14:07:58 [INFO] main:   Face Recognition Attendance Management System
2026-04-28 14:07:58 [INFO] main: ============================================================
2026-04-28 14:07:58 [INFO] main:   Started: 2026-04-28 14:07:58
2026-04-28 14:07:58 [INFO] main:   Base dir: /Users/limburoshan/Code/college/atnd_py/abijeet
2026-04-28 14:07:58 [INFO] main: Running pre-flight checks...
2026-04-28 14:07:58 [INFO] main:   ✅ attendance.db
2026-04-28 14:07:58 [INFO] main: All pre-flight checks passed.

2026-04-28 14:07:58 [INFO] main: Initializing system components...
2026-04-28 14:07:58 [INFO] database: Database verified at: /Users/limburoshan/Code/college/atnd_py/abijeet/attendance.db
2026-04-28 14:07:58 [INFO] main: ✅ Database connected
2026-04-28 14:07:58 [INFO] memory: Memory loaded from memory_2026-04-28.txt: 5 persons already marked today
2026-04-28 14:07:58 [INFO] main: ✅ Daily memory loaded
2026-04-28 14:08:00 [WARNING] detector: Could not load yolov8n-face.pt: [Errno 2] No such file or directory: 'yolov8n-face.pt'
2026-04-28 14:08:00 [INFO] detector: Using OpenCV face detector fallback
2026-04-28 14:08:00 [INFO] detector: OpenCV Haar face detector loaded with validation filters
2026-04-28 14:08:00 [INFO] detector: MediaPipe alignment disabled; using direct face crops
2026-04-28 14:08:00 [INFO] main: ✅ Face detector ready
2026-04-28 14:10:01 [INFO] main: ============================================================
2026-04-28 14:10:01 [INFO] main:   Face Recognition Attendance Management System
2026-04-28 14:10:01 [INFO] main: ============================================================
2026-04-28 14:10:01 [INFO] main:   Started: 2026-04-28 14:10:01
2026-04-28 14:10:01 [INFO] main:   Base dir: /Users/limburoshan/Code/college/atnd_py/abijeet
2026-04-28 14:10:01 [INFO] main: Running pre-flight checks...
2026-04-28 14:10:01 [INFO] main:   ✅ attendance.db
2026-04-28 14:10:01 [INFO] main: All pre-flight checks passed.

2026-04-28 14:10:01 [INFO] main: Initializing system components...
2026-04-28 14:10:01 [INFO] database: Database verified at: /Users/limburoshan/Code/college/atnd_py/abijeet/attendance.db
2026-04-28 14:10:01 [INFO] main: ✅ Database connected
2026-04-28 14:10:01 [INFO] memory: Memory loaded from memory_2026-04-28.txt: 5 persons already marked today
2026-04-28 14:10:01 [INFO] main: ✅ Daily memory loaded
2026-04-28 14:10:03 [WARNING] detector: Could not load yolov8n-face.pt: [Errno 2] No such file or directory: 'yolov8n-face.pt'
2026-04-28 14:10:03 [INFO] detector: Using OpenCV face detector fallback
2026-04-28 14:10:03 [INFO] detector: OpenCV Haar face detector loaded with validation filters
2026-04-28 14:10:03 [INFO] detector: MediaPipe alignment disabled; using direct face crops
2026-04-28 14:10:03 [INFO] main: ✅ Face detector ready
2026-04-28 14:10:04 [INFO] face_identity: Face identity cache loaded: 0 known faces
2026-04-28 14:10:04 [INFO] main: ✅ Face identity manager ready
2026-04-28 14:10:04 [INFO] attendance: AttendanceRecorder initialized.
2026-04-28 14:10:04 [INFO] main: ✅ Attendance recorder ready
2026-04-28 14:10:04 [INFO] main: 
System ready. Starting live feed...
2026-04-28 14:10:04 [INFO] main: Press Q in the camera window to quit.

2026-04-28 14:10:06 [INFO] camera: Camera opened at index 0
2026-04-28 14:10:07 [INFO] database: Person registered: FACE-20260428-0001
2026-04-28 14:10:07 [INFO] face_identity: Registered new face ID: FACE-20260428-0001
2026-04-28 14:10:07 [INFO] database: Attendance started: FACE-20260428-0001 on 2026-04-28 at 14:10:07 | confidence=100.00%
2026-04-28 14:10:07 [INFO] attendance: ✅ COUNTED: FACE-20260428-0001 | count=1 | confidence=100.00% | time=14:10:07
2026-04-28 14:10:07 [INFO] main: 🎯 COUNTED: FACE-20260428-0001 — count=1
2026-04-28 14:10:18 [INFO] database: Person registered: FACE-20260428-0002
2026-04-28 14:10:18 [INFO] face_identity: Registered new face ID: FACE-20260428-0002
2026-04-28 14:10:18 [INFO] database: Attendance started: FACE-20260428-0002 on 2026-04-28 at 14:10:18 | confidence=100.00%
2026-04-28 14:10:18 [INFO] attendance: ✅ COUNTED: FACE-20260428-0002 | count=1 | confidence=100.00% | time=14:10:18
2026-04-28 14:10:18 [INFO] main: 🎯 COUNTED: FACE-20260428-0002 — count=1
2026-04-28 14:10:18 [INFO] database: Person registered: FACE-20260428-0003
2026-04-28 14:10:18 [INFO] face_identity: Registered new face ID: FACE-20260428-0003
2026-04-28 14:10:18 [INFO] database: Attendance started: FACE-20260428-0003 on 2026-04-28 at 14:10:18 | confidence=100.00%
2026-04-28 14:10:18 [INFO] attendance: ✅ COUNTED: FACE-20260428-0003 | count=1 | confidence=100.00% | time=14:10:18
2026-04-28 14:10:18 [INFO] main: 🎯 COUNTED: FACE-20260428-0003 — count=1
2026-04-28 14:10:34 [INFO] database: Person registered: FACE-20260428-0004
2026-04-28 14:10:34 [INFO] face_identity: Registered new face ID: FACE-20260428-0004
2026-04-28 14:10:34 [INFO] database: Attendance started: FACE-20260428-0004 on 2026-04-28 at 14:10:34 | confidence=100.00%
2026-04-28 14:10:34 [INFO] attendance: ✅ COUNTED: FACE-20260428-0004 | count=1 | confidence=100.00% | time=14:10:34
2026-04-28 14:10:34 [INFO] main: 🎯 COUNTED: FACE-20260428-0004 — count=1
2026-04-28 14:11:02 [INFO] camera: Quit key pressed
2026-04-28 14:11:02 [INFO] main: 
Cleaning up...
2026-04-28 14:11:03 [INFO] camera: Camera released
2026-04-28 14:11:03 [INFO] attendance: =======================================================
2026-04-28 14:11:03 [INFO] attendance:   ATTENDANCE SUMMARY — 2026-04-28
2026-04-28 14:11:03 [INFO] attendance: =======================================================
2026-04-28 14:11:03 [INFO] attendance:   Attendance count     : 4
2026-04-28 14:11:03 [INFO] attendance:   Unique faces         : 4
2026-04-28 14:11:03 [INFO] attendance:   Session counted      : 4
2026-04-28 14:11:03 [INFO] attendance:   Debounced sightings  : 47
2026-04-28 14:11:03 [INFO] attendance:   Unknown faces seen   : 0
2026-04-28 14:11:03 [INFO] attendance: -------------------------------------------------------
2026-04-28 14:11:03 [INFO] attendance:   Attendance log:
2026-04-28 14:11:03 [INFO] attendance:     14:10:07  FACE-20260428-0001    count=1    last=14:10:07
2026-04-28 14:11:03 [INFO] attendance:     14:10:18  FACE-20260428-0002    count=1    last=14:10:18
2026-04-28 14:11:03 [INFO] attendance:     14:10:18  FACE-20260428-0003    count=1    last=14:10:18
2026-04-28 14:11:03 [INFO] attendance:     14:10:34  FACE-20260428-0004    count=1    last=14:10:34
2026-04-28 14:11:03 [INFO] attendance: =======================================================
2026-04-28 14:11:03 [INFO] main: 
============================================================
2026-04-28 14:11:03 [INFO] main:   Attendance system stopped cleanly.
2026-04-28 14:11:03 [INFO] main: ============================================================
2026-04-28 14:15:34 [INFO] main: ============================================================
2026-04-28 14:15:34 [INFO] main:   Face Recognition Attendance Management System
2026-04-28 14:15:34 [INFO] main: ============================================================
2026-04-28 14:15:34 [INFO] main:   Started: 2026-04-28 14:15:34
2026-04-28 14:15:34 [INFO] main:   Base dir: /Users/limburoshan/Code/college/atnd_py/abijeet
2026-04-28 14:15:34 [INFO] main: Running pre-flight checks...
2026-04-28 14:15:34 [INFO] main:   ✅ attendance.db
2026-04-28 14:15:34 [INFO] main: All pre-flight checks passed.

2026-04-28 14:15:34 [INFO] main: Initializing system components...
2026-04-28 14:15:34 [INFO] database: Database verified at: /Users/limburoshan/Code/college/atnd_py/abijeet/attendance.db
2026-04-28 14:15:34 [INFO] main: ✅ Database connected
2026-04-28 14:15:34 [INFO] memory: Memory loaded from memory_2026-04-28.txt: 5 persons already marked today
2026-04-28 14:15:34 [INFO] main: ✅ Daily memory loaded
2026-04-28 14:15:37 [WARNING] detector: Could not load yolov8n-face.pt: [Errno 2] No such file or directory: 'yolov8n-face.pt'
2026-04-28 14:15:37 [INFO] detector: Using OpenCV face detector fallback
2026-04-28 14:15:37 [INFO] detector: OpenCV Haar face detector loaded with validation filters
2026-04-28 14:15:37 [INFO] detector: MediaPipe alignment disabled; using direct face crops
2026-04-28 14:15:37 [INFO] main: ✅ Face detector ready
2026-04-28 14:15:38 [INFO] face_identity: Face identity cache loaded: 0 known faces
2026-04-28 14:15:38 [INFO] main: ✅ Face identity manager ready
2026-04-28 14:15:38 [INFO] attendance: AttendanceRecorder initialized.
2026-04-28 14:15:38 [INFO] main: ✅ Attendance recorder ready
2026-04-28 14:15:38 [INFO] main: 
System ready. Starting live feed...
2026-04-28 14:15:38 [INFO] main: Press Q in the camera window to quit.

2026-04-28 14:15:39 [INFO] camera: Camera opened at index 0
2026-04-28 14:15:41 [INFO] database: Person registered: FACE-20260428-0001
2026-04-28 14:15:41 [INFO] face_identity: Registered new face ID: FACE-20260428-0001
2026-04-28 14:15:41 [INFO] database: Attendance started: FACE-20260428-0001 on 2026-04-28 at 14:15:41 | confidence=100.00%
2026-04-28 14:15:41 [INFO] attendance: ✅ COUNTED: FACE-20260428-0001 | count=1 | confidence=100.00% | time=14:15:41
2026-04-28 14:15:41 [INFO] main: 🎯 COUNTED: FACE-20260428-0001 — count=1
2026-04-28 14:15:42 [INFO] database: Person registered: FACE-20260428-0002
2026-04-28 14:15:42 [INFO] face_identity: Registered new face ID: FACE-20260428-0002
2026-04-28 14:15:42 [INFO] database: Attendance started: FACE-20260428-0002 on 2026-04-28 at 14:15:42 | confidence=100.00%
2026-04-28 14:15:42 [INFO] attendance: ✅ COUNTED: FACE-20260428-0002 | count=1 | confidence=100.00% | time=14:15:42
2026-04-28 14:15:42 [INFO] main: 🎯 COUNTED: FACE-20260428-0002 — count=1
2026-04-28 14:15:44 [INFO] database: Person registered: FACE-20260428-0003
2026-04-28 14:15:44 [INFO] face_identity: Registered new face ID: FACE-20260428-0003
2026-04-28 14:15:44 [INFO] database: Attendance started: FACE-20260428-0003 on 2026-04-28 at 14:15:44 | confidence=100.00%
2026-04-28 14:15:44 [INFO] attendance: ✅ COUNTED: FACE-20260428-0003 | count=1 | confidence=100.00% | time=14:15:44
2026-04-28 14:15:44 [INFO] main: 🎯 COUNTED: FACE-20260428-0003 — count=1
2026-04-28 14:15:46 [INFO] database: Person registered: FACE-20260428-0004
2026-04-28 14:15:46 [INFO] face_identity: Registered new face ID: FACE-20260428-0004
2026-04-28 14:15:46 [INFO] database: Attendance started: FACE-20260428-0004 on 2026-04-28 at 14:15:46 | confidence=100.00%
2026-04-28 14:15:46 [INFO] attendance: ✅ COUNTED: FACE-20260428-0004 | count=1 | confidence=100.00% | time=14:15:46
2026-04-28 14:15:46 [INFO] main: 🎯 COUNTED: FACE-20260428-0004 — count=1
2026-04-28 14:15:47 [INFO] database: Person registered: FACE-20260428-0005
2026-04-28 14:15:47 [INFO] face_identity: Registered new face ID: FACE-20260428-0005
2026-04-28 14:15:47 [INFO] database: Attendance started: FACE-20260428-0005 on 2026-04-28 at 14:15:47 | confidence=100.00%
2026-04-28 14:15:47 [INFO] attendance: ✅ COUNTED: FACE-20260428-0005 | count=1 | confidence=100.00% | time=14:15:47
2026-04-28 14:15:47 [INFO] main: 🎯 COUNTED: FACE-20260428-0005 — count=1
2026-04-28 14:15:51 [INFO] database: Person registered: FACE-20260428-0006
2026-04-28 14:15:51 [INFO] face_identity: Registered new face ID: FACE-20260428-0006
2026-04-28 14:15:51 [INFO] database: Attendance started: FACE-20260428-0006 on 2026-04-28 at 14:15:51 | confidence=100.00%
2026-04-28 14:15:51 [INFO] attendance: ✅ COUNTED: FACE-20260428-0006 | count=1 | confidence=100.00% | time=14:15:51
2026-04-28 14:15:51 [INFO] main: 🎯 COUNTED: FACE-20260428-0006 — count=1
2026-04-28 14:15:52 [INFO] database: Person registered: FACE-20260428-0007
2026-04-28 14:15:52 [INFO] face_identity: Registered new face ID: FACE-20260428-0007
2026-04-28 14:15:52 [INFO] database: Attendance started: FACE-20260428-0007 on 2026-04-28 at 14:15:52 | confidence=100.00%
2026-04-28 14:15:52 [INFO] attendance: ✅ COUNTED: FACE-20260428-0007 | count=1 | confidence=100.00% | time=14:15:52
2026-04-28 14:15:52 [INFO] main: 🎯 COUNTED: FACE-20260428-0007 — count=1
2026-04-28 14:16:24 [INFO] database: Person registered: FACE-20260428-0008
2026-04-28 14:16:24 [INFO] face_identity: Registered new face ID: FACE-20260428-0008
2026-04-28 14:16:24 [INFO] database: Attendance started: FACE-20260428-0008 on 2026-04-28 at 14:16:24 | confidence=100.00%
2026-04-28 14:16:24 [INFO] attendance: ✅ COUNTED: FACE-20260428-0008 | count=1 | confidence=100.00% | time=14:16:24
2026-04-28 14:16:24 [INFO] main: 🎯 COUNTED: FACE-20260428-0008 — count=1
2026-04-28 14:16:39 [INFO] database: Person registered: FACE-20260428-0009
2026-04-28 14:16:39 [INFO] face_identity: Registered new face ID: FACE-20260428-0009
2026-04-28 14:16:39 [INFO] database: Attendance started: FACE-20260428-0009 on 2026-04-28 at 14:16:39 | confidence=100.00%
2026-04-28 14:16:39 [INFO] attendance: ✅ COUNTED: FACE-20260428-0009 | count=1 | confidence=100.00% | time=14:16:39
2026-04-28 14:16:39 [INFO] main: 🎯 COUNTED: FACE-20260428-0009 — count=1
2026-04-28 14:16:39 [INFO] database: Person registered: FACE-20260428-0010
2026-04-28 14:16:39 [INFO] face_identity: Registered new face ID: FACE-20260428-0010
2026-04-28 14:16:39 [INFO] database: Attendance started: FACE-20260428-0010 on 2026-04-28 at 14:16:39 | confidence=100.00%
2026-04-28 14:16:39 [INFO] attendance: ✅ COUNTED: FACE-20260428-0010 | count=1 | confidence=100.00% | time=14:16:39
2026-04-28 14:16:39 [INFO] main: 🎯 COUNTED: FACE-20260428-0010 — count=1
2026-04-28 14:16:44 [INFO] database: Person registered: FACE-20260428-0011
2026-04-28 14:16:44 [INFO] face_identity: Registered new face ID: FACE-20260428-0011
2026-04-28 14:16:44 [INFO] database: Attendance started: FACE-20260428-0011 on 2026-04-28 at 14:16:44 | confidence=100.00%
2026-04-28 14:16:44 [INFO] attendance: ✅ COUNTED: FACE-20260428-0011 | count=1 | confidence=100.00% | time=14:16:44
2026-04-28 14:16:44 [INFO] main: 🎯 COUNTED: FACE-20260428-0011 — count=1
2026-04-28 14:16:46 [INFO] database: Person registered: FACE-20260428-0012
2026-04-28 14:16:46 [INFO] face_identity: Registered new face ID: FACE-20260428-0012
2026-04-28 14:16:46 [INFO] database: Attendance started: FACE-20260428-0012 on 2026-04-28 at 14:16:46 | confidence=100.00%
2026-04-28 14:16:46 [INFO] attendance: ✅ COUNTED: FACE-20260428-0012 | count=1 | confidence=100.00% | time=14:16:46
2026-04-28 14:16:46 [INFO] main: 🎯 COUNTED: FACE-20260428-0012 — count=1
2026-04-28 14:16:48 [INFO] database: Person registered: FACE-20260428-0013
2026-04-28 14:16:48 [INFO] face_identity: Registered new face ID: FACE-20260428-0013
2026-04-28 14:16:48 [INFO] database: Attendance started: FACE-20260428-0013 on 2026-04-28 at 14:16:48 | confidence=100.00%
2026-04-28 14:16:48 [INFO] attendance: ✅ COUNTED: FACE-20260428-0013 | count=1 | confidence=100.00% | time=14:16:48
2026-04-28 14:16:48 [INFO] main: 🎯 COUNTED: FACE-20260428-0013 — count=1
2026-04-28 14:16:51 [INFO] database: Person registered: FACE-20260428-0014
2026-04-28 14:16:51 [INFO] face_identity: Registered new face ID: FACE-20260428-0014
2026-04-28 14:16:51 [INFO] database: Attendance started: FACE-20260428-0014 on 2026-04-28 at 14:16:51 | confidence=100.00%
2026-04-28 14:16:51 [INFO] attendance: ✅ COUNTED: FACE-20260428-0014 | count=1 | confidence=100.00% | time=14:16:51
2026-04-28 14:16:51 [INFO] main: 🎯 COUNTED: FACE-20260428-0014 — count=1
2026-04-28 14:16:51 [INFO] database: Person registered: FACE-20260428-0015
2026-04-28 14:16:51 [INFO] face_identity: Registered new face ID: FACE-20260428-0015
2026-04-28 14:16:51 [INFO] database: Attendance started: FACE-20260428-0015 on 2026-04-28 at 14:16:51 | confidence=100.00%
2026-04-28 14:16:51 [INFO] attendance: ✅ COUNTED: FACE-20260428-0015 | count=1 | confidence=100.00% | time=14:16:51
2026-04-28 14:16:51 [INFO] main: 🎯 COUNTED: FACE-20260428-0015 — count=1
2026-04-28 14:16:56 [INFO] database: Person registered: FACE-20260428-0016
2026-04-28 14:16:56 [INFO] face_identity: Registered new face ID: FACE-20260428-0016
2026-04-28 14:16:56 [INFO] database: Attendance started: FACE-20260428-0016 on 2026-04-28 at 14:16:56 | confidence=100.00%
2026-04-28 14:16:56 [INFO] attendance: ✅ COUNTED: FACE-20260428-0016 | count=1 | confidence=100.00% | time=14:16:56
2026-04-28 14:16:56 [INFO] main: 🎯 COUNTED: FACE-20260428-0016 — count=1
2026-04-28 14:20:46 [INFO] database: Person registered: FACE-20260428-0017
2026-04-28 14:20:46 [INFO] face_identity: Registered new face ID: FACE-20260428-0017
2026-04-28 14:20:46 [INFO] database: Attendance started: FACE-20260428-0017 on 2026-04-28 at 14:20:46 | confidence=100.00%
2026-04-28 14:20:46 [INFO] attendance: ✅ COUNTED: FACE-20260428-0017 | count=1 | confidence=100.00% | time=14:20:46
2026-04-28 14:20:46 [INFO] main: 🎯 COUNTED: FACE-20260428-0017 — count=1
2026-04-28 14:20:47 [INFO] database: Person registered: FACE-20260428-0018
2026-04-28 14:20:47 [INFO] face_identity: Registered new face ID: FACE-20260428-0018
2026-04-28 14:20:47 [INFO] database: Attendance started: FACE-20260428-0018 on 2026-04-28 at 14:20:47 | confidence=100.00%
2026-04-28 14:20:47 [INFO] attendance: ✅ COUNTED: FACE-20260428-0018 | count=1 | confidence=100.00% | time=14:20:47
2026-04-28 14:20:47 [INFO] main: 🎯 COUNTED: FACE-20260428-0018 — count=1
2026-04-28 14:21:03 [INFO] main: 
Keyboard interrupt received. Shutting down...
2026-04-28 14:21:03 [INFO] main: 
Cleaning up...
2026-04-28 14:21:03 [INFO] camera: Camera released
2026-04-28 14:21:03 [INFO] attendance: =======================================================
2026-04-28 14:21:03 [INFO] attendance:   ATTENDANCE SUMMARY — 2026-04-28
2026-04-28 14:21:03 [INFO] attendance: =======================================================
2026-04-28 14:21:03 [INFO] attendance:   Attendance count     : 18
2026-04-28 14:21:03 [INFO] attendance:   Unique faces         : 18
2026-04-28 14:21:03 [INFO] attendance:   Session counted      : 18
2026-04-28 14:21:03 [INFO] attendance:   Debounced sightings  : 101
2026-04-28 14:21:03 [INFO] attendance:   Unknown faces seen   : 0
2026-04-28 14:21:03 [INFO] attendance: -------------------------------------------------------
2026-04-28 14:21:03 [INFO] attendance:   Attendance log:
2026-04-28 14:21:03 [INFO] attendance:     14:15:41  FACE-20260428-0001    count=1    last=14:15:41
2026-04-28 14:21:03 [INFO] attendance:     14:15:42  FACE-20260428-0002    count=1    last=14:15:42
2026-04-28 14:21:03 [INFO] attendance:     14:15:44  FACE-20260428-0003    count=1    last=14:15:44
2026-04-28 14:21:03 [INFO] attendance:     14:15:46  FACE-20260428-0004    count=1    last=14:15:46
2026-04-28 14:21:03 [INFO] attendance:     14:15:47  FACE-20260428-0005    count=1    last=14:15:47
2026-04-28 14:21:03 [INFO] attendance:     14:15:51  FACE-20260428-0006    count=1    last=14:15:51
2026-04-28 14:21:03 [INFO] attendance:     14:15:52  FACE-20260428-0007    count=1    last=14:15:52
2026-04-28 14:21:03 [INFO] attendance:     14:16:24  FACE-20260428-0008    count=1    last=14:16:24
2026-04-28 14:21:03 [INFO] attendance:     14:16:39  FACE-20260428-0009    count=1    last=14:16:39
2026-04-28 14:21:03 [INFO] attendance:     14:16:39  FACE-20260428-0010    count=1    last=14:16:39
2026-04-28 14:21:03 [INFO] attendance:     14:16:44  FACE-20260428-0011    count=1    last=14:16:44
2026-04-28 14:21:03 [INFO] attendance:     14:16:46  FACE-20260428-0012    count=1    last=14:16:46
2026-04-28 14:21:03 [INFO] attendance:     14:16:48  FACE-20260428-0013    count=1    last=14:16:48
2026-04-28 14:21:03 [INFO] attendance:     14:16:51  FACE-20260428-0014    count=1    last=14:16:51
2026-04-28 14:21:03 [INFO] attendance:     14:16:51  FACE-20260428-0015    count=1    last=14:16:51
2026-04-28 14:21:03 [INFO] attendance:     14:16:56  FACE-20260428-0016    count=1    last=14:16:56
2026-04-28 14:21:03 [INFO] attendance:     14:20:46  FACE-20260428-0017    count=1    last=14:20:46
2026-04-28 14:21:03 [INFO] attendance:     14:20:47  FACE-20260428-0018    count=1    last=14:20:47
2026-04-28 14:21:03 [INFO] attendance: =======================================================
2026-04-28 14:21:03 [INFO] main: 
============================================================
2026-04-28 14:21:03 [INFO] main:   Attendance system stopped cleanly.
2026-04-28 14:21:03 [INFO] main: ============================================================
2026-04-28 14:21:25 [INFO] main: ============================================================
2026-04-28 14:21:25 [INFO] main:   Face Recognition Attendance Management System
2026-04-28 14:21:25 [INFO] main: ============================================================
2026-04-28 14:21:25 [INFO] main:   Started: 2026-04-28 14:21:25
2026-04-28 14:21:25 [INFO] main:   Base dir: /Users/limburoshan/Code/college/atnd_py/abijeet
2026-04-28 14:21:25 [INFO] main: Running pre-flight checks...
2026-04-28 14:21:25 [INFO] main:   ✅ attendance.db
2026-04-28 14:21:25 [INFO] main: All pre-flight checks passed.

2026-04-28 14:21:25 [INFO] main: Initializing system components...
2026-04-28 14:21:25 [INFO] database: Database verified at: /Users/limburoshan/Code/college/atnd_py/abijeet/attendance.db
2026-04-28 14:21:25 [INFO] main: ✅ Database connected
2026-04-28 14:21:25 [INFO] memory: Memory loaded from memory_2026-04-28.txt: 18 persons already marked today
2026-04-28 14:21:25 [INFO] main: ✅ Daily memory loaded
2026-04-28 14:21:27 [WARNING] detector: Could not load yolov8n-face.pt: [Errno 2] No such file or directory: 'yolov8n-face.pt'
2026-04-28 14:21:27 [INFO] detector: Using OpenCV face detector fallback
2026-04-28 14:21:27 [INFO] detector: OpenCV Haar face detector loaded with validation filters
2026-04-28 14:21:27 [INFO] detector: MediaPipe alignment disabled; using direct face crops
2026-04-28 14:21:27 [INFO] main: ✅ Face detector ready
2026-04-28 14:21:28 [INFO] face_identity: Face identity cache loaded: 0 known faces
2026-04-28 14:21:28 [INFO] main: ✅ Face identity manager ready
2026-04-28 14:21:28 [INFO] attendance: AttendanceRecorder initialized.
2026-04-28 14:21:28 [INFO] main: ✅ Attendance recorder ready
2026-04-28 14:21:28 [INFO] main: 
System ready. Starting live feed...
2026-04-28 14:21:28 [INFO] main: Press Q in the camera window to quit.

2026-04-28 14:21:31 [INFO] camera: Camera opened at index 0
2026-04-28 14:21:35 [INFO] main: ============================================================
2026-04-28 14:21:35 [INFO] main:   Face Recognition Attendance Management System
2026-04-28 14:21:35 [INFO] main: ============================================================
2026-04-28 14:21:35 [INFO] main:   Started: 2026-04-28 14:21:35
2026-04-28 14:21:35 [INFO] main:   Base dir: /Users/limburoshan/Code/college/atnd_py/abijeet
2026-04-28 14:21:35 [INFO] main: Running pre-flight checks...
2026-04-28 14:21:35 [INFO] main:   ✅ attendance.db
2026-04-28 14:21:35 [INFO] main: All pre-flight checks passed.

2026-04-28 14:21:35 [INFO] main: Initializing system components...
2026-04-28 14:21:35 [INFO] database: Database verified at: /Users/limburoshan/Code/college/atnd_py/abijeet/attendance.db
2026-04-28 14:21:35 [INFO] main: ✅ Database connected
2026-04-28 14:21:35 [INFO] memory: Memory loaded from memory_2026-04-28.txt: 18 persons already marked today
2026-04-28 14:21:35 [INFO] main: ✅ Daily memory loaded
2026-04-28 14:21:44 [INFO] database: Person registered: FACE-20260428-0001
2026-04-28 14:21:44 [INFO] face_identity: Registered new face ID: FACE-20260428-0001
2026-04-28 14:21:44 [INFO] database: Attendance started: FACE-20260428-0001 on 2026-04-28 at 14:21:44 | confidence=100.00%
2026-04-28 14:21:44 [INFO] attendance: ✅ COUNTED: FACE-20260428-0001 | count=1 | confidence=100.00% | time=14:21:44
2026-04-28 14:21:44 [INFO] main: 🎯 COUNTED: FACE-20260428-0001 — count=1
2026-04-28 14:21:46 [INFO] database: Person registered: FACE-20260428-0002
2026-04-28 14:21:46 [INFO] face_identity: Registered new face ID: FACE-20260428-0002
2026-04-28 14:21:46 [INFO] database: Attendance started: FACE-20260428-0002 on 2026-04-28 at 14:21:46 | confidence=100.00%
2026-04-28 14:21:46 [INFO] attendance: ✅ COUNTED: FACE-20260428-0002 | count=1 | confidence=100.00% | time=14:21:46
2026-04-28 14:21:46 [INFO] main: 🎯 COUNTED: FACE-20260428-0002 — count=1
2026-04-28 14:21:52 [INFO] database: Person registered: FACE-20260428-0003
2026-04-28 14:21:52 [INFO] face_identity: Registered new face ID: FACE-20260428-0003
2026-04-28 14:21:52 [INFO] database: Attendance started: FACE-20260428-0003 on 2026-04-28 at 14:21:52 | confidence=100.00%
2026-04-28 14:21:52 [INFO] attendance: ✅ COUNTED: FACE-20260428-0003 | count=1 | confidence=100.00% | time=14:21:52
2026-04-28 14:21:52 [INFO] main: 🎯 COUNTED: FACE-20260428-0003 — count=1
2026-04-28 14:21:55 [INFO] database: Person registered: FACE-20260428-0004
2026-04-28 14:21:55 [INFO] face_identity: Registered new face ID: FACE-20260428-0004
2026-04-28 14:21:55 [INFO] database: Attendance started: FACE-20260428-0004 on 2026-04-28 at 14:21:55 | confidence=100.00%
2026-04-28 14:21:55 [INFO] attendance: ✅ COUNTED: FACE-20260428-0004 | count=1 | confidence=100.00% | time=14:21:55
2026-04-28 14:21:55 [INFO] main: 🎯 COUNTED: FACE-20260428-0004 — count=1
2026-04-28 14:21:59 [INFO] database: Person registered: FACE-20260428-0005
2026-04-28 14:21:59 [INFO] face_identity: Registered new face ID: FACE-20260428-0005
2026-04-28 14:21:59 [INFO] database: Attendance started: FACE-20260428-0005 on 2026-04-28 at 14:21:59 | confidence=100.00%
2026-04-28 14:21:59 [INFO] attendance: ✅ COUNTED: FACE-20260428-0005 | count=1 | confidence=100.00% | time=14:21:59
2026-04-28 14:21:59 [INFO] main: 🎯 COUNTED: FACE-20260428-0005 — count=1
2026-04-28 14:22:03 [INFO] database: Person registered: FACE-20260428-0006
2026-04-28 14:22:03 [INFO] face_identity: Registered new face ID: FACE-20260428-0006
2026-04-28 14:22:03 [INFO] database: Attendance started: FACE-20260428-0006 on 2026-04-28 at 14:22:03 | confidence=100.00%
2026-04-28 14:22:03 [INFO] attendance: ✅ COUNTED: FACE-20260428-0006 | count=1 | confidence=100.00% | time=14:22:03
2026-04-28 14:22:03 [INFO] main: 🎯 COUNTED: FACE-20260428-0006 — count=1
2026-04-28 14:22:06 [INFO] database: Person registered: FACE-20260428-0007
2026-04-28 14:22:06 [INFO] face_identity: Registered new face ID: FACE-20260428-0007
2026-04-28 14:22:06 [INFO] database: Attendance started: FACE-20260428-0007 on 2026-04-28 at 14:22:06 | confidence=100.00%
2026-04-28 14:22:06 [INFO] attendance: ✅ COUNTED: FACE-20260428-0007 | count=1 | confidence=100.00% | time=14:22:06
2026-04-28 14:22:06 [INFO] main: 🎯 COUNTED: FACE-20260428-0007 — count=1
2026-04-28 14:22:19 [INFO] database: Person registered: FACE-20260428-0008
2026-04-28 14:22:19 [INFO] face_identity: Registered new face ID: FACE-20260428-0008
2026-04-28 14:22:19 [INFO] database: Attendance started: FACE-20260428-0008 on 2026-04-28 at 14:22:19 | confidence=100.00%
2026-04-28 14:22:19 [INFO] attendance: ✅ COUNTED: FACE-20260428-0008 | count=1 | confidence=100.00% | time=14:22:19
2026-04-28 14:22:19 [INFO] main: 🎯 COUNTED: FACE-20260428-0008 — count=1
2026-04-28 14:22:22 [INFO] database: Person registered: FACE-20260428-0009
2026-04-28 14:22:22 [INFO] face_identity: Registered new face ID: FACE-20260428-0009
2026-04-28 14:22:22 [INFO] database: Attendance started: FACE-20260428-0009 on 2026-04-28 at 14:22:22 | confidence=100.00%
2026-04-28 14:22:22 [INFO] attendance: ✅ COUNTED: FACE-20260428-0009 | count=1 | confidence=100.00% | time=14:22:22
2026-04-28 14:22:22 [INFO] main: 🎯 COUNTED: FACE-20260428-0009 — count=1
2026-04-28 14:22:33 [INFO] database: Person registered: FACE-20260428-0010
2026-04-28 14:22:33 [INFO] face_identity: Registered new face ID: FACE-20260428-0010
2026-04-28 14:22:33 [INFO] database: Attendance started: FACE-20260428-0010 on 2026-04-28 at 14:22:33 | confidence=100.00%
2026-04-28 14:22:33 [INFO] attendance: ✅ COUNTED: FACE-20260428-0010 | count=1 | confidence=100.00% | time=14:22:33
2026-04-28 14:22:33 [INFO] main: 🎯 COUNTED: FACE-20260428-0010 — count=1
2026-04-28 14:22:34 [INFO] database: Person registered: FACE-20260428-0011
2026-04-28 14:22:34 [INFO] face_identity: Registered new face ID: FACE-20260428-0011
2026-04-28 14:22:34 [INFO] database: Attendance started: FACE-20260428-0011 on 2026-04-28 at 14:22:34 | confidence=100.00%
2026-04-28 14:22:34 [INFO] attendance: ✅ COUNTED: FACE-20260428-0011 | count=1 | confidence=100.00% | time=14:22:34
2026-04-28 14:22:34 [INFO] main: 🎯 COUNTED: FACE-20260428-0011 — count=1
2026-04-28 14:23:13 [INFO] database: Person registered: FACE-20260428-0012
2026-04-28 14:23:13 [INFO] face_identity: Registered new face ID: FACE-20260428-0012
2026-04-28 14:23:13 [INFO] database: Attendance started: FACE-20260428-0012 on 2026-04-28 at 14:23:13 | confidence=100.00%
2026-04-28 14:23:13 [INFO] attendance: ✅ COUNTED: FACE-20260428-0012 | count=1 | confidence=100.00% | time=14:23:13
2026-04-28 14:23:13 [INFO] main: 🎯 COUNTED: FACE-20260428-0012 — count=1
2026-04-28 14:24:10 [INFO] database: Person registered: FACE-20260428-0013
2026-04-28 14:24:10 [INFO] face_identity: Registered new face ID: FACE-20260428-0013
2026-04-28 14:24:10 [INFO] database: Attendance started: FACE-20260428-0013 on 2026-04-28 at 14:24:10 | confidence=100.00%
2026-04-28 14:24:10 [INFO] attendance: ✅ COUNTED: FACE-20260428-0013 | count=1 | confidence=100.00% | time=14:24:10
2026-04-28 14:24:10 [INFO] main: 🎯 COUNTED: FACE-20260428-0013 — count=1
2026-04-28 14:24:11 [INFO] database: Person registered: FACE-20260428-0014
2026-04-28 14:24:11 [INFO] face_identity: Registered new face ID: FACE-20260428-0014
2026-04-28 14:24:11 [INFO] database: Attendance started: FACE-20260428-0014 on 2026-04-28 at 14:24:11 | confidence=100.00%
2026-04-28 14:24:11 [INFO] attendance: ✅ COUNTED: FACE-20260428-0014 | count=1 | confidence=100.00% | time=14:24:11
2026-04-28 14:24:11 [INFO] main: 🎯 COUNTED: FACE-20260428-0014 — count=1
2026-04-28 14:24:27 [INFO] database: Person registered: FACE-20260428-0015
2026-04-28 14:24:27 [INFO] face_identity: Registered new face ID: FACE-20260428-0015
2026-04-28 14:24:27 [INFO] database: Attendance started: FACE-20260428-0015 on 2026-04-28 at 14:24:27 | confidence=100.00%
2026-04-28 14:24:27 [INFO] attendance: ✅ COUNTED: FACE-20260428-0015 | count=1 | confidence=100.00% | time=14:24:27
2026-04-28 14:24:27 [INFO] main: 🎯 COUNTED: FACE-20260428-0015 — count=1
2026-04-28 14:24:48 [INFO] database: Person registered: FACE-20260428-0016
2026-04-28 14:24:48 [INFO] face_identity: Registered new face ID: FACE-20260428-0016
2026-04-28 14:24:48 [INFO] database: Attendance started: FACE-20260428-0016 on 2026-04-28 at 14:24:48 | confidence=100.00%
2026-04-28 14:24:48 [INFO] attendance: ✅ COUNTED: FACE-20260428-0016 | count=1 | confidence=100.00% | time=14:24:48
2026-04-28 14:24:48 [INFO] main: 🎯 COUNTED: FACE-20260428-0016 — count=1
2026-04-28 14:24:55 [INFO] database: Person registered: FACE-20260428-0017
2026-04-28 14:24:55 [INFO] face_identity: Registered new face ID: FACE-20260428-0017
2026-04-28 14:24:55 [INFO] database: Attendance started: FACE-20260428-0017 on 2026-04-28 at 14:24:55 | confidence=100.00%
2026-04-28 14:24:55 [INFO] attendance: ✅ COUNTED: FACE-20260428-0017 | count=1 | confidence=100.00% | time=14:24:55
2026-04-28 14:24:55 [INFO] main: 🎯 COUNTED: FACE-20260428-0017 — count=1
2026-04-28 14:31:27 [INFO] main: 
Keyboard interrupt received. Shutting down...
2026-04-28 14:31:27 [INFO] main: 
Cleaning up...
2026-04-28 14:31:27 [INFO] camera: Camera released
2026-04-28 14:32:29 [INFO] main: ============================================================
2026-04-28 14:32:29 [INFO] main:   Face Recognition Attendance Management System
2026-04-28 14:32:29 [INFO] main: ============================================================
2026-04-28 14:32:29 [INFO] main:   Started: 2026-04-28 14:32:29
2026-04-28 14:32:29 [INFO] main:   Base dir: /Users/limburoshan/Code/college/atnd_py/abijeet
2026-04-28 14:32:29 [INFO] main: Running pre-flight checks...
2026-04-28 14:32:29 [INFO] main:   ✅ attendance.db
2026-04-28 14:32:29 [INFO] main: All pre-flight checks passed.

2026-04-28 14:32:29 [INFO] main: Initializing system components...
2026-04-28 14:32:29 [INFO] database: Database verified at: /Users/limburoshan/Code/college/atnd_py/abijeet/attendance.db
2026-04-28 14:32:29 [INFO] main: ✅ Database connected
2026-04-28 14:32:29 [INFO] memory: New memory file created: memory_2026-04-28.txt (fresh start — no one marked yet today)
2026-04-28 14:32:29 [INFO] main: ✅ Daily memory loaded
2026-04-28 14:32:31 [WARNING] detector: Could not load yolov8n-face.pt: [Errno 2] No such file or directory: 'yolov8n-face.pt'
2026-04-28 14:32:31 [INFO] detector: Using OpenCV face detector fallback
2026-04-28 14:32:31 [INFO] detector: OpenCV Haar face detector loaded with validation filters
2026-04-28 14:32:31 [INFO] detector: MediaPipe alignment disabled; using direct face crops
2026-04-28 14:32:31 [INFO] main: ✅ Face detector ready
2026-04-28 14:32:32 [INFO] face_identity: Face identity cache loaded: 0 known faces
2026-04-28 14:32:32 [INFO] main: ✅ Face identity manager ready
2026-04-28 14:32:32 [INFO] attendance: AttendanceRecorder initialized.
2026-04-28 14:32:32 [INFO] main: ✅ Attendance recorder ready
2026-04-28 14:32:32 [INFO] main: 
System ready. Starting live feed...
2026-04-28 14:32:32 [INFO] main: Press Q in the camera window to quit.

2026-04-28 14:32:33 [INFO] camera: Camera opened at index 0
2026-04-28 14:32:36 [INFO] database: Person registered: FACE-20260428-0001
2026-04-28 14:32:36 [INFO] face_identity: Registered new face ID: FACE-20260428-0001
2026-04-28 14:32:36 [INFO] database: Attendance started: FACE-20260428-0001 on 2026-04-28 at 14:32:36 | confidence=100.00%
2026-04-28 14:32:36 [INFO] attendance: ✅ COUNTED: FACE-20260428-0001 | count=1 | confidence=100.00% | time=14:32:36
2026-04-28 14:32:36 [INFO] main: 🎯 COUNTED: FACE-20260428-0001 — count=1
2026-04-28 14:38:50 [INFO] database: Attendance count incremented: FACE-20260428-0001 on 2026-04-28 at 14:38:50 | count=2
2026-04-28 14:38:50 [INFO] attendance: ✅ COUNTED: FACE-20260428-0001 | count=2 | confidence=81.82% | time=14:38:50
2026-04-28 14:38:50 [INFO] main: 🎯 COUNTED: FACE-20260428-0001 — count=2
2026-04-28 14:44:19 [INFO] database: Attendance count incremented: FACE-20260428-0001 on 2026-04-28 at 14:44:19 | count=3
2026-04-28 14:44:19 [INFO] attendance: ✅ COUNTED: FACE-20260428-0001 | count=3 | confidence=74.64% | time=14:44:19
2026-04-28 14:44:19 [INFO] main: 🎯 COUNTED: FACE-20260428-0001 — count=3
2026-04-28 14:44:50 [INFO] database: Person registered: FACE-20260428-0002
2026-04-28 14:44:50 [INFO] face_identity: Registered new face ID: FACE-20260428-0002
2026-04-28 14:44:50 [INFO] database: Attendance started: FACE-20260428-0002 on 2026-04-28 at 14:44:50 | confidence=100.00%
2026-04-28 14:44:50 [INFO] attendance: ✅ COUNTED: FACE-20260428-0002 | count=1 | confidence=100.00% | time=14:44:50
2026-04-28 14:44:50 [INFO] main: 🎯 COUNTED: FACE-20260428-0002 — count=1
2026-04-28 14:49:19 [INFO] database: Attendance count incremented: FACE-20260428-0001 on 2026-04-28 at 14:49:19 | count=4
2026-04-28 14:49:19 [INFO] attendance: ✅ COUNTED: FACE-20260428-0001 | count=4 | confidence=84.45% | time=14:49:19
2026-04-28 14:49:19 [INFO] main: 🎯 COUNTED: FACE-20260428-0001 — count=4
2026-04-28 14:52:43 [INFO] main: 
Keyboard interrupt received. Shutting down...
2026-04-28 14:52:43 [INFO] main: 
Cleaning up...
2026-04-28 14:52:43 [INFO] camera: Camera released
2026-04-28 14:52:43 [INFO] attendance: =======================================================
2026-04-28 14:52:43 [INFO] attendance:   ATTENDANCE SUMMARY — 2026-04-28
2026-04-28 14:52:43 [INFO] attendance: =======================================================
2026-04-28 14:52:43 [INFO] attendance:   Attendance count     : 5
2026-04-28 14:52:43 [INFO] attendance:   Unique faces         : 2
2026-04-28 14:52:43 [INFO] attendance:   Session counted      : 5
2026-04-28 14:52:43 [INFO] attendance:   Debounced sightings  : 327
2026-04-28 14:52:43 [INFO] attendance:   Unknown faces seen   : 11
2026-04-28 14:52:43 [INFO] attendance: -------------------------------------------------------
2026-04-28 14:52:43 [INFO] attendance:   Attendance log:
2026-04-28 14:52:43 [INFO] attendance:     14:32:36  FACE-20260428-0001    count=4    last=14:49:19
2026-04-28 14:52:43 [INFO] attendance:     14:44:50  FACE-20260428-0002    count=1    last=14:44:50
2026-04-28 14:52:43 [INFO] attendance: =======================================================
2026-04-28 14:52:43 [INFO] main: 
============================================================
2026-04-28 14:52:43 [INFO] main:   Attendance system stopped cleanly.
2026-04-28 14:52:43 [INFO] main: ============================================================
2026-04-28 14:53:17 [INFO] main: ============================================================
2026-04-28 14:53:17 [INFO] main:   Face Recognition Attendance Management System
2026-04-28 14:53:17 [INFO] main: ============================================================
2026-04-28 14:53:17 [INFO] main:   Started: 2026-04-28 14:53:17
2026-04-28 14:53:17 [INFO] main:   Base dir: /Users/limburoshan/Code/college/atnd_py/abijeet
2026-04-28 14:53:17 [INFO] main: Running pre-flight checks...
2026-04-28 14:53:17 [INFO] main:   ✅ attendance.db
2026-04-28 14:53:17 [INFO] main: All pre-flight checks passed.

2026-04-28 14:53:17 [INFO] main: Initializing system components...
2026-04-28 14:53:17 [INFO] database: Database verified at: /Users/limburoshan/Code/college/atnd_py/abijeet/attendance.db
2026-04-28 14:53:17 [INFO] main: ✅ Database connected
2026-04-28 14:53:17 [INFO] memory: Memory loaded from memory_2026-04-28.txt: 0 persons already marked today
2026-04-28 14:53:17 [INFO] main: ✅ Daily memory loaded
2026-04-28 14:53:20 [WARNING] detector: Could not load yolov8n-face.pt: [Errno 2] No such file or directory: 'yolov8n-face.pt'
2026-04-28 14:53:20 [INFO] detector: Using OpenCV face detector fallback
2026-04-28 14:53:20 [INFO] detector: OpenCV Haar face detector loaded with validation filters
2026-04-28 14:53:21 [INFO] detector: dlib HOG face detector loaded via face_recognition
2026-04-28 14:53:21 [INFO] detector: MediaPipe alignment disabled; using direct face crops
2026-04-28 14:53:21 [INFO] main: ✅ Face detector ready
2026-04-28 14:53:21 [INFO] face_identity: Face identity cache loaded: 0 known faces
2026-04-28 14:53:21 [INFO] main: ✅ Face identity manager ready
2026-04-28 14:53:21 [INFO] attendance: AttendanceRecorder initialized.
2026-04-28 14:53:21 [INFO] main: ✅ Attendance recorder ready
2026-04-28 14:53:21 [INFO] main: 
System ready. Starting live feed...
2026-04-28 14:53:21 [INFO] main: Press Q in the camera window to quit.

2026-04-28 14:53:24 [INFO] camera: Camera opened at index 0
2026-04-28 14:53:26 [INFO] database: Person registered: FACE-20260428-0001
2026-04-28 14:53:26 [INFO] face_identity: Registered new face ID: FACE-20260428-0001
2026-04-28 14:53:26 [INFO] database: Attendance started: FACE-20260428-0001 on 2026-04-28 at 14:53:26 | confidence=100.00%
2026-04-28 14:53:26 [INFO] attendance: ✅ COUNTED: FACE-20260428-0001 | count=1 | confidence=100.00% | time=14:53:26
2026-04-28 14:53:26 [INFO] main: 🎯 COUNTED: FACE-20260428-0001 — count=1
2026-04-28 14:58:35 [INFO] database: Attendance count incremented: FACE-20260428-0001 on 2026-04-28 at 14:58:35 | count=2
2026-04-28 14:58:35 [INFO] attendance: ✅ COUNTED: FACE-20260428-0001 | count=2 | confidence=69.07% | time=14:58:35
2026-04-28 14:58:35 [INFO] main: 🎯 COUNTED: FACE-20260428-0001 — count=2
2026-04-28 14:58:55 [INFO] main: 
Keyboard interrupt received. Shutting down...
2026-04-28 14:58:55 [INFO] main: 
Cleaning up...
2026-04-28 14:58:55 [INFO] camera: Camera released
2026-04-28 14:58:55 [INFO] attendance: =======================================================
2026-04-28 14:58:55 [INFO] attendance:   ATTENDANCE SUMMARY — 2026-04-28
2026-04-28 14:58:55 [INFO] attendance: =======================================================
2026-04-28 14:58:55 [INFO] attendance:   Attendance count     : 2
2026-04-28 14:58:55 [INFO] attendance:   Unique faces         : 1
2026-04-28 14:58:55 [INFO] attendance:   Session counted      : 2
2026-04-28 14:58:55 [INFO] attendance:   Debounced sightings  : 118
2026-04-28 14:58:55 [INFO] attendance:   Unknown faces seen   : 181
2026-04-28 14:58:55 [INFO] attendance: -------------------------------------------------------
2026-04-28 14:58:55 [INFO] attendance:   Attendance log:
2026-04-28 14:58:55 [INFO] attendance:     14:53:26  FACE-20260428-0001    count=2    last=14:58:35
2026-04-28 14:58:55 [INFO] attendance: =======================================================
2026-04-28 14:58:55 [INFO] main: 
============================================================
2026-04-28 14:58:55 [INFO] main:   Attendance system stopped cleanly.
2026-04-28 14:58:55 [INFO] main: ============================================================
